<?xml version="1.0" encoding="UTF-8"?>
<!-- Generated by org.testng.reporters.JUnitReportReporter -->
<testsuite hostname="DESKTOP-CVT4PTN" failures="0" tests="1" name="testCases.TC001_AccountRegistrationTest" time="5.882" errors="0" timestamp="2025-09-22T20:19:05 IST" skipped="0">
  <testcase classname="testCases.TC001_AccountRegistrationTest" name="verify_account_registration" time="5.882"/>
</testsuite> <!-- testCases.TC001_AccountRegistrationTest -->
